[INFO] | 2023-07-13 02:19:01 AM | analyzer.spank_chain_payment | Analysis started at: 2023-07-13 02:19:01 AM
[INFO] | 2023-07-13 02:19:05 AM | analyzer.spank_chain_payment | Version constraints: ['^0.4.23']
[INFO] | 2023-07-13 02:19:05 AM | analyzer.spank_chain_payment | solc version: v0.4.23
[INFO] | 2023-07-13 02:19:06 AM | analyzer.spank_chain_payment | Callgraph generation started!
[INFO] | 2023-07-13 02:19:06 AM | analyzer.spank_chain_payment | Callgraph generation finished!
[INFO] | 2023-07-13 02:19:06 AM | analyzer.spank_chain_payment | Interprocedural CFG generation started!
[INFO] | 2023-07-13 02:19:06 AM | analyzer.spank_chain_payment | Interprocedural CFG generation finished!
[INFO] | 2023-07-13 02:19:06 AM | analyzer.spank_chain_payment | Storage dependency graph generation started!
[INFO] | 2023-07-13 02:19:07 AM | analyzer.spank_chain_payment | Storage dependency graph generation finished!
[INFO] | 2023-07-13 02:19:07 AM | analyzer.spank_chain_payment | Value Range Analysis started
[INFO] | 2023-07-13 02:19:07 AM | analyzer.spank_chain_payment | Generating return summary for slitherConstructorConstantVariables
[INFO] | 2023-07-13 02:19:07 AM | analyzer.spank_chain_payment | Return summary generated for slitherConstructorConstantVariables
[INFO] | 2023-07-13 02:19:07 AM | analyzer.spank_chain_payment | Range graph generated
[INFO] | 2023-07-13 02:19:07 AM | analyzer.spank_chain_payment | Processed function slitherConstructorConstantVariables
[INFO] | 2023-07-13 02:19:07 AM | analyzer.spank_chain_payment | Generating return summary for balanceOf
[INFO] | 2023-07-13 02:19:07 AM | analyzer.spank_chain_payment | Return summary generated for balanceOf
[INFO] | 2023-07-13 02:19:07 AM | analyzer.spank_chain_payment | State variable assignement do not exist
[INFO] | 2023-07-13 02:19:07 AM | analyzer.spank_chain_payment | Processed function balanceOf
[INFO] | 2023-07-13 02:19:07 AM | analyzer.spank_chain_payment | Generating return summary for transfer
[INFO] | 2023-07-13 02:19:07 AM | analyzer.spank_chain_payment | Return summary generated for transfer
[INFO] | 2023-07-13 02:19:07 AM | analyzer.spank_chain_payment | State variable assignement do not exist
[INFO] | 2023-07-13 02:19:07 AM | analyzer.spank_chain_payment | Processed function transfer
[INFO] | 2023-07-13 02:19:07 AM | analyzer.spank_chain_payment | Generating return summary for transferFrom
[INFO] | 2023-07-13 02:19:07 AM | analyzer.spank_chain_payment | Return summary generated for transferFrom
[INFO] | 2023-07-13 02:19:07 AM | analyzer.spank_chain_payment | State variable assignement do not exist
[INFO] | 2023-07-13 02:19:07 AM | analyzer.spank_chain_payment | Processed function transferFrom
[INFO] | 2023-07-13 02:19:07 AM | analyzer.spank_chain_payment | Generating return summary for approve
[INFO] | 2023-07-13 02:19:07 AM | analyzer.spank_chain_payment | Return summary generated for approve
[INFO] | 2023-07-13 02:19:07 AM | analyzer.spank_chain_payment | State variable assignement do not exist
[INFO] | 2023-07-13 02:19:07 AM | analyzer.spank_chain_payment | Processed function approve
[INFO] | 2023-07-13 02:19:07 AM | analyzer.spank_chain_payment | Generating return summary for allowance
[INFO] | 2023-07-13 02:19:07 AM | analyzer.spank_chain_payment | Return summary generated for allowance
[INFO] | 2023-07-13 02:19:07 AM | analyzer.spank_chain_payment | State variable assignement do not exist
[INFO] | 2023-07-13 02:19:07 AM | analyzer.spank_chain_payment | Processed function allowance
[INFO] | 2023-07-13 02:19:07 AM | analyzer.spank_chain_payment | Generating return summary for parseInt16Char
[INFO] | 2023-07-13 02:19:07 AM | analyzer.spank_chain_payment | Return summary generated for parseInt16Char
[INFO] | 2023-07-13 02:19:07 AM | analyzer.spank_chain_payment | State variable assignement do not exist
[INFO] | 2023-07-13 02:19:07 AM | analyzer.spank_chain_payment | Processed function parseInt16Char
[INFO] | 2023-07-13 02:19:07 AM | analyzer.spank_chain_payment | Generating return summary for uintToBytes32
[INFO] | 2023-07-13 02:19:07 AM | analyzer.spank_chain_payment | Return summary generated for uintToBytes32
[INFO] | 2023-07-13 02:19:07 AM | analyzer.spank_chain_payment | State variable assignement do not exist
[INFO] | 2023-07-13 02:19:07 AM | analyzer.spank_chain_payment | Processed function uintToBytes32
[INFO] | 2023-07-13 02:19:07 AM | analyzer.spank_chain_payment | Generating return summary for uintToString
[WARNING] | 2023-07-13 02:19:07 AM | analyzer.spank_chain_payment | No lvalue eligible assignment, is this some bug!
[INFO] | 2023-07-13 02:19:07 AM | analyzer.spank_chain_payment | Return summary generated for uintToString
[INFO] | 2023-07-13 02:19:07 AM | analyzer.spank_chain_payment | State variable assignement do not exist
[INFO] | 2023-07-13 02:19:07 AM | analyzer.spank_chain_payment | Processed function uintToString
[INFO] | 2023-07-13 02:19:07 AM | analyzer.spank_chain_payment | Generating return summary for substring
[INFO] | 2023-07-13 02:19:07 AM | analyzer.spank_chain_payment | Return summary generated for substring
[INFO] | 2023-07-13 02:19:07 AM | analyzer.spank_chain_payment | State variable assignement do not exist
[INFO] | 2023-07-13 02:19:07 AM | analyzer.spank_chain_payment | Processed function substring
[INFO] | 2023-07-13 02:19:07 AM | analyzer.spank_chain_payment | Generating return summary for balanceOf
[INFO] | 2023-07-13 02:19:07 AM | analyzer.spank_chain_payment | Return summary generated for balanceOf
[INFO] | 2023-07-13 02:19:07 AM | analyzer.spank_chain_payment | State variable assignement do not exist
[INFO] | 2023-07-13 02:19:07 AM | analyzer.spank_chain_payment | Processed function balanceOf
[INFO] | 2023-07-13 02:19:07 AM | analyzer.spank_chain_payment | Generating return summary for transfer
[INFO] | 2023-07-13 02:19:07 AM | analyzer.spank_chain_payment | Return summary generated for transfer
[INFO] | 2023-07-13 02:19:07 AM | analyzer.spank_chain_payment | State variable assignement do not exist
[INFO] | 2023-07-13 02:19:07 AM | analyzer.spank_chain_payment | Processed function transfer
[INFO] | 2023-07-13 02:19:07 AM | analyzer.spank_chain_payment | Generating return summary for transferFrom
[INFO] | 2023-07-13 02:19:07 AM | analyzer.spank_chain_payment | Return summary generated for transferFrom
[INFO] | 2023-07-13 02:19:07 AM | analyzer.spank_chain_payment | State variable assignement do not exist
[INFO] | 2023-07-13 02:19:07 AM | analyzer.spank_chain_payment | Processed function transferFrom
[INFO] | 2023-07-13 02:19:07 AM | analyzer.spank_chain_payment | Generating return summary for approve
[INFO] | 2023-07-13 02:19:07 AM | analyzer.spank_chain_payment | Return summary generated for approve
[INFO] | 2023-07-13 02:19:07 AM | analyzer.spank_chain_payment | State variable assignement do not exist
[INFO] | 2023-07-13 02:19:07 AM | analyzer.spank_chain_payment | Processed function approve
[INFO] | 2023-07-13 02:19:07 AM | analyzer.spank_chain_payment | Generating return summary for allowance
[INFO] | 2023-07-13 02:19:07 AM | analyzer.spank_chain_payment | Return summary generated for allowance
[INFO] | 2023-07-13 02:19:07 AM | analyzer.spank_chain_payment | State variable assignement do not exist
[INFO] | 2023-07-13 02:19:07 AM | analyzer.spank_chain_payment | Processed function allowance
[INFO] | 2023-07-13 02:19:07 AM | analyzer.spank_chain_payment | Generating return summary for transfer
[INFO] | 2023-07-13 02:19:07 AM | analyzer.spank_chain_payment | Return summary generated for transfer
[INFO] | 2023-07-13 02:19:07 AM | analyzer.spank_chain_payment | Range graph generated
[INFO] | 2023-07-13 02:19:07 AM | analyzer.spank_chain_payment | Processed function transfer
[INFO] | 2023-07-13 02:19:07 AM | analyzer.spank_chain_payment | Generating return summary for transferFrom
[INFO] | 2023-07-13 02:19:07 AM | analyzer.spank_chain_payment | Return summary generated for transferFrom
[INFO] | 2023-07-13 02:19:07 AM | analyzer.spank_chain_payment | Range graph generated
[INFO] | 2023-07-13 02:19:07 AM | analyzer.spank_chain_payment | Processed function transferFrom
[INFO] | 2023-07-13 02:19:07 AM | analyzer.spank_chain_payment | Generating return summary for balanceOf
[INFO] | 2023-07-13 02:19:07 AM | analyzer.spank_chain_payment | Return summary generated for balanceOf
[INFO] | 2023-07-13 02:19:07 AM | analyzer.spank_chain_payment | State variable assignement do not exist
[INFO] | 2023-07-13 02:19:07 AM | analyzer.spank_chain_payment | Processed function balanceOf
[INFO] | 2023-07-13 02:19:07 AM | analyzer.spank_chain_payment | Generating return summary for approve
[INFO] | 2023-07-13 02:19:07 AM | analyzer.spank_chain_payment | Return summary generated for approve
[INFO] | 2023-07-13 02:19:07 AM | analyzer.spank_chain_payment | Range graph generated
[INFO] | 2023-07-13 02:19:07 AM | analyzer.spank_chain_payment | Processed function approve
[INFO] | 2023-07-13 02:19:07 AM | analyzer.spank_chain_payment | Generating return summary for allowance
[INFO] | 2023-07-13 02:19:07 AM | analyzer.spank_chain_payment | Return summary generated for allowance
[INFO] | 2023-07-13 02:19:07 AM | analyzer.spank_chain_payment | State variable assignement do not exist
[INFO] | 2023-07-13 02:19:07 AM | analyzer.spank_chain_payment | Processed function allowance
[INFO] | 2023-07-13 02:19:07 AM | analyzer.spank_chain_payment | Generating return summary for balanceOf
[INFO] | 2023-07-13 02:19:07 AM | analyzer.spank_chain_payment | Return summary generated for balanceOf
[INFO] | 2023-07-13 02:19:07 AM | analyzer.spank_chain_payment | State variable assignement do not exist
[INFO] | 2023-07-13 02:19:07 AM | analyzer.spank_chain_payment | Processed function balanceOf
[INFO] | 2023-07-13 02:19:07 AM | analyzer.spank_chain_payment | Generating return summary for transfer
[INFO] | 2023-07-13 02:19:07 AM | analyzer.spank_chain_payment | Return summary generated for transfer
[INFO] | 2023-07-13 02:19:07 AM | analyzer.spank_chain_payment | State variable assignement do not exist
[INFO] | 2023-07-13 02:19:07 AM | analyzer.spank_chain_payment | Processed function transfer
[INFO] | 2023-07-13 02:19:07 AM | analyzer.spank_chain_payment | Generating return summary for transferFrom
[INFO] | 2023-07-13 02:19:07 AM | analyzer.spank_chain_payment | Return summary generated for transferFrom
[INFO] | 2023-07-13 02:19:07 AM | analyzer.spank_chain_payment | State variable assignement do not exist
[INFO] | 2023-07-13 02:19:07 AM | analyzer.spank_chain_payment | Processed function transferFrom
[INFO] | 2023-07-13 02:19:07 AM | analyzer.spank_chain_payment | Generating return summary for approve
[INFO] | 2023-07-13 02:19:07 AM | analyzer.spank_chain_payment | Return summary generated for approve
[INFO] | 2023-07-13 02:19:07 AM | analyzer.spank_chain_payment | State variable assignement do not exist
[INFO] | 2023-07-13 02:19:07 AM | analyzer.spank_chain_payment | Processed function approve
[INFO] | 2023-07-13 02:19:07 AM | analyzer.spank_chain_payment | Generating return summary for allowance
[INFO] | 2023-07-13 02:19:07 AM | analyzer.spank_chain_payment | Return summary generated for allowance
[INFO] | 2023-07-13 02:19:07 AM | analyzer.spank_chain_payment | State variable assignement do not exist
[INFO] | 2023-07-13 02:19:07 AM | analyzer.spank_chain_payment | Processed function allowance
[INFO] | 2023-07-13 02:19:07 AM | analyzer.spank_chain_payment | Generating return summary for transfer
[INFO] | 2023-07-13 02:19:07 AM | analyzer.spank_chain_payment | Return summary generated for transfer
[INFO] | 2023-07-13 02:19:07 AM | analyzer.spank_chain_payment | Range graph generated
[INFO] | 2023-07-13 02:19:07 AM | analyzer.spank_chain_payment | Processed function transfer
[INFO] | 2023-07-13 02:19:07 AM | analyzer.spank_chain_payment | Generating return summary for transferFrom
[INFO] | 2023-07-13 02:19:07 AM | analyzer.spank_chain_payment | Return summary generated for transferFrom
[INFO] | 2023-07-13 02:19:07 AM | analyzer.spank_chain_payment | Range graph generated
[INFO] | 2023-07-13 02:19:07 AM | analyzer.spank_chain_payment | Processed function transferFrom
[INFO] | 2023-07-13 02:19:07 AM | analyzer.spank_chain_payment | Generating return summary for balanceOf
[INFO] | 2023-07-13 02:19:07 AM | analyzer.spank_chain_payment | Return summary generated for balanceOf
[INFO] | 2023-07-13 02:19:07 AM | analyzer.spank_chain_payment | State variable assignement do not exist
[INFO] | 2023-07-13 02:19:07 AM | analyzer.spank_chain_payment | Processed function balanceOf
[INFO] | 2023-07-13 02:19:07 AM | analyzer.spank_chain_payment | Generating return summary for approve
[INFO] | 2023-07-13 02:19:07 AM | analyzer.spank_chain_payment | Return summary generated for approve
[INFO] | 2023-07-13 02:19:07 AM | analyzer.spank_chain_payment | Range graph generated
[INFO] | 2023-07-13 02:19:07 AM | analyzer.spank_chain_payment | Processed function approve
[INFO] | 2023-07-13 02:19:07 AM | analyzer.spank_chain_payment | Generating return summary for allowance
[INFO] | 2023-07-13 02:19:07 AM | analyzer.spank_chain_payment | Return summary generated for allowance
[INFO] | 2023-07-13 02:19:07 AM | analyzer.spank_chain_payment | State variable assignement do not exist
[INFO] | 2023-07-13 02:19:07 AM | analyzer.spank_chain_payment | Processed function allowance
[INFO] | 2023-07-13 02:19:07 AM | analyzer.spank_chain_payment | Generating return summary for constructor
[INFO] | 2023-07-13 02:19:07 AM | analyzer.spank_chain_payment | Return summary generated for constructor
[INFO] | 2023-07-13 02:19:07 AM | analyzer.spank_chain_payment | Range graph generated
[INFO] | 2023-07-13 02:19:07 AM | analyzer.spank_chain_payment | Processed function constructor
[INFO] | 2023-07-13 02:19:07 AM | analyzer.spank_chain_payment | Generating return summary for approveAndCall
[INFO] | 2023-07-13 02:19:07 AM | analyzer.spank_chain_payment | Return summary generated for approveAndCall
[INFO] | 2023-07-13 02:19:07 AM | analyzer.spank_chain_payment | Range graph generated
[INFO] | 2023-07-13 02:19:07 AM | analyzer.spank_chain_payment | Processed function approveAndCall
[INFO] | 2023-07-13 02:19:07 AM | analyzer.spank_chain_payment | Generating return summary for slitherConstructorVariables
[INFO] | 2023-07-13 02:19:07 AM | analyzer.spank_chain_payment | Return summary generated for slitherConstructorVariables
[INFO] | 2023-07-13 02:19:07 AM | analyzer.spank_chain_payment | Range graph generated
[INFO] | 2023-07-13 02:19:07 AM | analyzer.spank_chain_payment | Processed function slitherConstructorVariables
[INFO] | 2023-07-13 02:19:07 AM | analyzer.spank_chain_payment | Generating return summary for closeVirtualChannel
[INFO] | 2023-07-13 02:19:07 AM | analyzer.spank_chain_payment | Return summary generated for closeVirtualChannel
[INFO] | 2023-07-13 02:19:07 AM | analyzer.spank_chain_payment | Range graph generated
[INFO] | 2023-07-13 02:19:07 AM | analyzer.spank_chain_payment | Processed function closeVirtualChannel
[INFO] | 2023-07-13 02:19:07 AM | analyzer.spank_chain_payment | Generating return summary for _isContained
[INFO] | 2023-07-13 02:19:07 AM | analyzer.spank_chain_payment | Return summary generated for _isContained
[INFO] | 2023-07-13 02:19:07 AM | analyzer.spank_chain_payment | State variable assignement do not exist
[INFO] | 2023-07-13 02:19:07 AM | analyzer.spank_chain_payment | Processed function _isContained
[INFO] | 2023-07-13 02:19:07 AM | analyzer.spank_chain_payment | Generating return summary for getChannel
[INFO] | 2023-07-13 02:19:07 AM | analyzer.spank_chain_payment | Return summary generated for getChannel
[INFO] | 2023-07-13 02:19:07 AM | analyzer.spank_chain_payment | State variable assignement do not exist
[INFO] | 2023-07-13 02:19:07 AM | analyzer.spank_chain_payment | Processed function getChannel
[INFO] | 2023-07-13 02:19:07 AM | analyzer.spank_chain_payment | Generating return summary for getVirtualChannel
[INFO] | 2023-07-13 02:19:07 AM | analyzer.spank_chain_payment | Return summary generated for getVirtualChannel
[INFO] | 2023-07-13 02:19:07 AM | analyzer.spank_chain_payment | State variable assignement do not exist
[INFO] | 2023-07-13 02:19:07 AM | analyzer.spank_chain_payment | Processed function getVirtualChannel
[INFO] | 2023-07-13 02:19:07 AM | analyzer.spank_chain_payment | Generating return summary for slitherConstructorVariables
[INFO] | 2023-07-13 02:19:07 AM | analyzer.spank_chain_payment | Return summary generated for slitherConstructorVariables
[INFO] | 2023-07-13 02:19:07 AM | analyzer.spank_chain_payment | Range graph generated
[INFO] | 2023-07-13 02:19:07 AM | analyzer.spank_chain_payment | Processed function slitherConstructorVariables
[INFO] | 2023-07-13 02:19:07 AM | analyzer.spank_chain_payment | Generating return summary for hexstrToBytes
[INFO] | 2023-07-13 02:19:07 AM | analyzer.spank_chain_payment | Return summary generated for hexstrToBytes
[INFO] | 2023-07-13 02:19:07 AM | analyzer.spank_chain_payment | State variable assignement do not exist
[INFO] | 2023-07-13 02:19:07 AM | analyzer.spank_chain_payment | Processed function hexstrToBytes
[INFO] | 2023-07-13 02:19:07 AM | analyzer.spank_chain_payment | Generating return summary for toEthereumSignedMessage
[INFO] | 2023-07-13 02:19:07 AM | analyzer.spank_chain_payment | Return summary generated for toEthereumSignedMessage
[INFO] | 2023-07-13 02:19:07 AM | analyzer.spank_chain_payment | State variable assignement do not exist
[INFO] | 2023-07-13 02:19:07 AM | analyzer.spank_chain_payment | Processed function toEthereumSignedMessage
[INFO] | 2023-07-13 02:19:07 AM | analyzer.spank_chain_payment | Generating return summary for LCOpenTimeout
[INFO] | 2023-07-13 02:19:07 AM | analyzer.spank_chain_payment | Return summary generated for LCOpenTimeout
[INFO] | 2023-07-13 02:19:07 AM | analyzer.spank_chain_payment | Range graph generated
[INFO] | 2023-07-13 02:19:07 AM | analyzer.spank_chain_payment | Processed function LCOpenTimeout
[INFO] | 2023-07-13 02:19:07 AM | analyzer.spank_chain_payment | Generating return summary for byzantineCloseChannel
[INFO] | 2023-07-13 02:19:07 AM | analyzer.spank_chain_payment | Return summary generated for byzantineCloseChannel
[INFO] | 2023-07-13 02:19:07 AM | analyzer.spank_chain_payment | Range graph generated
[INFO] | 2023-07-13 02:19:07 AM | analyzer.spank_chain_payment | Processed function byzantineCloseChannel
[INFO] | 2023-07-13 02:19:07 AM | analyzer.spank_chain_payment | Generating return summary for createChannel
[INFO] | 2023-07-13 02:19:07 AM | analyzer.spank_chain_payment | Return summary generated for createChannel
[INFO] | 2023-07-13 02:19:07 AM | analyzer.spank_chain_payment | Range graph generated
[INFO] | 2023-07-13 02:19:07 AM | analyzer.spank_chain_payment | Processed function createChannel
[INFO] | 2023-07-13 02:19:07 AM | analyzer.spank_chain_payment | Generating return summary for joinChannel
[INFO] | 2023-07-13 02:19:07 AM | analyzer.spank_chain_payment | Return summary generated for joinChannel
[INFO] | 2023-07-13 02:19:07 AM | analyzer.spank_chain_payment | Range graph generated
[INFO] | 2023-07-13 02:19:07 AM | analyzer.spank_chain_payment | Processed function joinChannel
[INFO] | 2023-07-13 02:19:07 AM | analyzer.spank_chain_payment | Generating return summary for deposit
[INFO] | 2023-07-13 02:19:07 AM | analyzer.spank_chain_payment | Return summary generated for deposit
[INFO] | 2023-07-13 02:19:07 AM | analyzer.spank_chain_payment | Range graph generated
[INFO] | 2023-07-13 02:19:07 AM | analyzer.spank_chain_payment | Processed function deposit
[INFO] | 2023-07-13 02:19:07 AM | analyzer.spank_chain_payment | Generating return summary for recoverSigner
[INFO] | 2023-07-13 02:19:07 AM | analyzer.spank_chain_payment | Return summary generated for recoverSigner
[INFO] | 2023-07-13 02:19:07 AM | analyzer.spank_chain_payment | State variable assignement do not exist
[INFO] | 2023-07-13 02:19:07 AM | analyzer.spank_chain_payment | Processed function recoverSigner
[INFO] | 2023-07-13 02:19:07 AM | analyzer.spank_chain_payment | Generating return summary for isSignedBy
[INFO] | 2023-07-13 02:19:07 AM | analyzer.spank_chain_payment | Return summary generated for isSignedBy
[INFO] | 2023-07-13 02:19:07 AM | analyzer.spank_chain_payment | State variable assignement do not exist
[INFO] | 2023-07-13 02:19:07 AM | analyzer.spank_chain_payment | Processed function isSignedBy
[INFO] | 2023-07-13 02:19:07 AM | analyzer.spank_chain_payment | Generating return summary for consensusCloseChannel
[INFO] | 2023-07-13 02:19:07 AM | analyzer.spank_chain_payment | Return summary generated for consensusCloseChannel
[INFO] | 2023-07-13 02:19:07 AM | analyzer.spank_chain_payment | Range graph generated
[INFO] | 2023-07-13 02:19:07 AM | analyzer.spank_chain_payment | Processed function consensusCloseChannel
[INFO] | 2023-07-13 02:19:07 AM | analyzer.spank_chain_payment | Generating return summary for updateLCstate
[INFO] | 2023-07-13 02:19:07 AM | analyzer.spank_chain_payment | Return summary generated for updateLCstate
[INFO] | 2023-07-13 02:19:07 AM | analyzer.spank_chain_payment | State variable assignement do not exist
[INFO] | 2023-07-13 02:19:07 AM | analyzer.spank_chain_payment | Processed function updateLCstate
[INFO] | 2023-07-13 02:19:07 AM | analyzer.spank_chain_payment | Generating return summary for initVCstate
[INFO] | 2023-07-13 02:19:07 AM | analyzer.spank_chain_payment | Return summary generated for initVCstate
[INFO] | 2023-07-13 02:19:07 AM | analyzer.spank_chain_payment | Range graph generated
[INFO] | 2023-07-13 02:19:07 AM | analyzer.spank_chain_payment | Processed function initVCstate
[INFO] | 2023-07-13 02:19:07 AM | analyzer.spank_chain_payment | Generating return summary for settleVC
[INFO] | 2023-07-13 02:19:07 AM | analyzer.spank_chain_payment | Return summary generated for settleVC
[INFO] | 2023-07-13 02:19:07 AM | analyzer.spank_chain_payment | Range graph generated
[INFO] | 2023-07-13 02:19:07 AM | analyzer.spank_chain_payment | Processed function settleVC
[INFO] | 2023-07-13 02:19:07 AM | analyzer.spank_chain_payment | Value Range Analysis took 0.042239 seconds
[INFO] | 2023-07-13 02:19:07 AM | analyzer.spank_chain_payment | Value Range Analysis finished
[INFO] | 2023-07-13 02:19:07 AM | analyzer.spank_chain_payment | Storage dependency graph compostion started!
[INFO] | 2023-07-13 02:19:07 AM | analyzer.spank_chain_payment | Storage dependency graph compostion finished!
[INFO] | 2023-07-13 02:19:07 AM | analyzer.spank_chain_payment | Dependency detection started!
[INFO] | 2023-07-13 02:19:08 AM | analyzer.spank_chain_payment | DAO dependency detected in file spank_chain_payment.sol in contract LedgerChannel in by composing functions createChannel and LCOpenTimeout
[INFO] | 2023-07-13 02:19:09 AM | analyzer.spank_chain_payment | DAO dependency detected in file spank_chain_payment.sol in contract LedgerChannel in by composing functions createChannel and consensusCloseChannel
[INFO] | 2023-07-13 02:19:10 AM | analyzer.spank_chain_payment | DAO dependency detected in file spank_chain_payment.sol in contract LedgerChannel in by composing functions createChannel and initVCstate
[INFO] | 2023-07-13 02:19:10 AM | analyzer.spank_chain_payment | DAO dependency detected in file spank_chain_payment.sol in contract LedgerChannel in by composing functions createChannel and settleVC
[INFO] | 2023-07-13 02:19:11 AM | analyzer.spank_chain_payment | DAO dependency detected in file spank_chain_payment.sol in contract LedgerChannel in by composing functions LCOpenTimeout and createChannel
[INFO] | 2023-07-13 02:19:13 AM | analyzer.spank_chain_payment | DAO dependency detected in file spank_chain_payment.sol in contract LedgerChannel in by composing functions LCOpenTimeout and LCOpenTimeout
[INFO] | 2023-07-13 02:19:14 AM | analyzer.spank_chain_payment | DAO dependency detected in file spank_chain_payment.sol in contract LedgerChannel in by composing functions LCOpenTimeout and joinChannel
[INFO] | 2023-07-13 02:19:18 AM | analyzer.spank_chain_payment | DAO dependency detected in file spank_chain_payment.sol in contract LedgerChannel in by composing functions LCOpenTimeout and deposit
[INFO] | 2023-07-13 02:19:23 AM | analyzer.spank_chain_payment | DAO dependency detected in file spank_chain_payment.sol in contract LedgerChannel in by composing functions LCOpenTimeout and consensusCloseChannel
[INFO] | 2023-07-13 02:19:24 AM | analyzer.spank_chain_payment | DAO dependency detected in file spank_chain_payment.sol in contract LedgerChannel in by composing functions LCOpenTimeout and initVCstate
[INFO] | 2023-07-13 02:19:26 AM | analyzer.spank_chain_payment | DAO dependency detected in file spank_chain_payment.sol in contract LedgerChannel in by composing functions LCOpenTimeout and settleVC
[INFO] | 2023-07-13 02:19:30 AM | analyzer.spank_chain_payment | DAO dependency detected in file spank_chain_payment.sol in contract LedgerChannel in by composing functions LCOpenTimeout and closeVirtualChannel
[INFO] | 2023-07-13 02:19:33 AM | analyzer.spank_chain_payment | DAO dependency detected in file spank_chain_payment.sol in contract LedgerChannel in by composing functions joinChannel and LCOpenTimeout
[INFO] | 2023-07-13 02:19:33 AM | analyzer.spank_chain_payment | DAO dependency detected in file spank_chain_payment.sol in contract LedgerChannel in by composing functions joinChannel and joinChannel
[INFO] | 2023-07-13 02:19:33 AM | analyzer.spank_chain_payment | DAO dependency detected in file spank_chain_payment.sol in contract LedgerChannel in by composing functions joinChannel and deposit
[INFO] | 2023-07-13 02:19:37 AM | analyzer.spank_chain_payment | DAO dependency detected in file spank_chain_payment.sol in contract LedgerChannel in by composing functions joinChannel and consensusCloseChannel
[INFO] | 2023-07-13 02:19:37 AM | analyzer.spank_chain_payment | DAO dependency detected in file spank_chain_payment.sol in contract LedgerChannel in by composing functions joinChannel and initVCstate
[INFO] | 2023-07-13 02:19:38 AM | analyzer.spank_chain_payment | DAO dependency detected in file spank_chain_payment.sol in contract LedgerChannel in by composing functions joinChannel and settleVC
[INFO] | 2023-07-13 02:19:38 AM | analyzer.spank_chain_payment | DAO dependency detected in file spank_chain_payment.sol in contract LedgerChannel in by composing functions joinChannel and closeVirtualChannel
[INFO] | 2023-07-13 02:19:39 AM | analyzer.spank_chain_payment | DAO dependency detected in file spank_chain_payment.sol in contract LedgerChannel in by composing functions deposit and createChannel
[INFO] | 2023-07-13 02:19:40 AM | analyzer.spank_chain_payment | DAO dependency detected in file spank_chain_payment.sol in contract LedgerChannel in by composing functions deposit and LCOpenTimeout
[INFO] | 2023-07-13 02:19:43 AM | analyzer.spank_chain_payment | DAO dependency detected in file spank_chain_payment.sol in contract LedgerChannel in by composing functions deposit and LCOpenTimeout
[INFO] | 2023-07-13 02:19:43 AM | analyzer.spank_chain_payment | DAO dependency detected in file spank_chain_payment.sol in contract LedgerChannel in by composing functions deposit and consensusCloseChannel
[INFO] | 2023-07-13 02:19:45 AM | analyzer.spank_chain_payment | DAO dependency detected in file spank_chain_payment.sol in contract LedgerChannel in by composing functions deposit and consensusCloseChannel
[INFO] | 2023-07-13 02:19:47 AM | analyzer.spank_chain_payment | DAO dependency detected in file spank_chain_payment.sol in contract LedgerChannel in by composing functions consensusCloseChannel and createChannel
[INFO] | 2023-07-13 02:19:47 AM | analyzer.spank_chain_payment | DAO dependency detected in file spank_chain_payment.sol in contract LedgerChannel in by composing functions consensusCloseChannel and LCOpenTimeout
[INFO] | 2023-07-13 02:19:47 AM | analyzer.spank_chain_payment | Dependency detection finished!
[INFO] | 2023-07-13 02:19:47 AM | analyzer.spank_chain_payment | Static Analysis took 46.000448 seconds
[INFO] | 2023-07-13 02:19:47 AM | analyzer.spank_chain_payment | Dependency exists
[INFO] | 2023-07-13 02:19:47 AM | analyzer.spank_chain_payment | Invoking symbolic executor!
[INFO] | 2023-07-13 02:20:47 AM | analyzer.spank_chain_payment | Symbolic execution took 59.375312 seconds
[INFO] | 2023-07-13 02:20:47 AM | analyzer.spank_chain_payment | Symbolic execution finished!
[INFO] | 2023-07-13 02:20:47 AM | analyzer.spank_chain_payment | Analysis finished!
[INFO] | 2023-07-13 02:20:47 AM | analyzer.spank_chain_payment | Analysis took 105.376236 seconds
[INFO] | 2023-07-13 02:20:47 AM | analyzer.spank_chain_payment | Analysis finished at: 2023-07-13 02:20:47 AM
