[INFO] | 2023-07-13 02:17:30 AM | analyzer.0xf70d589d76eebdd7c12cc5eec99f8f6fa4233b9e | Analysis started at: 2023-07-13 02:17:30 AM
[INFO] | 2023-07-13 02:17:30 AM | analyzer.0xf70d589d76eebdd7c12cc5eec99f8f6fa4233b9e | Version constraints: ['^0.4.19']
[INFO] | 2023-07-13 02:17:30 AM | analyzer.0xf70d589d76eebdd7c12cc5eec99f8f6fa4233b9e | solc version: v0.4.19
[INFO] | 2023-07-13 02:17:30 AM | analyzer.0xf70d589d76eebdd7c12cc5eec99f8f6fa4233b9e | Callgraph generation started!
[INFO] | 2023-07-13 02:17:30 AM | analyzer.0xf70d589d76eebdd7c12cc5eec99f8f6fa4233b9e | Callgraph generation finished!
[INFO] | 2023-07-13 02:17:30 AM | analyzer.0xf70d589d76eebdd7c12cc5eec99f8f6fa4233b9e | Interprocedural CFG generation started!
[INFO] | 2023-07-13 02:17:30 AM | analyzer.0xf70d589d76eebdd7c12cc5eec99f8f6fa4233b9e | Interprocedural CFG generation finished!
[INFO] | 2023-07-13 02:17:30 AM | analyzer.0xf70d589d76eebdd7c12cc5eec99f8f6fa4233b9e | Storage dependency graph generation started!
[INFO] | 2023-07-13 02:17:30 AM | analyzer.0xf70d589d76eebdd7c12cc5eec99f8f6fa4233b9e | Storage dependency graph generation finished!
[INFO] | 2023-07-13 02:17:30 AM | analyzer.0xf70d589d76eebdd7c12cc5eec99f8f6fa4233b9e | Value Range Analysis started
[INFO] | 2023-07-13 02:17:30 AM | analyzer.0xf70d589d76eebdd7c12cc5eec99f8f6fa4233b9e | Generating return summary for fallback
[INFO] | 2023-07-13 02:17:30 AM | analyzer.0xf70d589d76eebdd7c12cc5eec99f8f6fa4233b9e | Return summary generated for fallback
[INFO] | 2023-07-13 02:17:30 AM | analyzer.0xf70d589d76eebdd7c12cc5eec99f8f6fa4233b9e | State variable assignement do not exist
[INFO] | 2023-07-13 02:17:30 AM | analyzer.0xf70d589d76eebdd7c12cc5eec99f8f6fa4233b9e | Processed function fallback
[INFO] | 2023-07-13 02:17:30 AM | analyzer.0xf70d589d76eebdd7c12cc5eec99f8f6fa4233b9e | Generating return summary for GetFreebie
[INFO] | 2023-07-13 02:17:30 AM | analyzer.0xf70d589d76eebdd7c12cc5eec99f8f6fa4233b9e | Return summary generated for GetFreebie
[INFO] | 2023-07-13 02:17:30 AM | analyzer.0xf70d589d76eebdd7c12cc5eec99f8f6fa4233b9e | State variable assignement do not exist
[INFO] | 2023-07-13 02:17:30 AM | analyzer.0xf70d589d76eebdd7c12cc5eec99f8f6fa4233b9e | Processed function GetFreebie
[INFO] | 2023-07-13 02:17:30 AM | analyzer.0xf70d589d76eebdd7c12cc5eec99f8f6fa4233b9e | Generating return summary for withdraw
[INFO] | 2023-07-13 02:17:30 AM | analyzer.0xf70d589d76eebdd7c12cc5eec99f8f6fa4233b9e | Return summary generated for withdraw
[INFO] | 2023-07-13 02:17:30 AM | analyzer.0xf70d589d76eebdd7c12cc5eec99f8f6fa4233b9e | Range graph generated
[INFO] | 2023-07-13 02:17:30 AM | analyzer.0xf70d589d76eebdd7c12cc5eec99f8f6fa4233b9e | Processed function withdraw
[INFO] | 2023-07-13 02:17:30 AM | analyzer.0xf70d589d76eebdd7c12cc5eec99f8f6fa4233b9e | Generating return summary for Command
[INFO] | 2023-07-13 02:17:30 AM | analyzer.0xf70d589d76eebdd7c12cc5eec99f8f6fa4233b9e | Return summary generated for Command
[INFO] | 2023-07-13 02:17:30 AM | analyzer.0xf70d589d76eebdd7c12cc5eec99f8f6fa4233b9e | State variable assignement do not exist
[INFO] | 2023-07-13 02:17:30 AM | analyzer.0xf70d589d76eebdd7c12cc5eec99f8f6fa4233b9e | Processed function Command
[INFO] | 2023-07-13 02:17:30 AM | analyzer.0xf70d589d76eebdd7c12cc5eec99f8f6fa4233b9e | Generating return summary for slitherConstructorVariables
[INFO] | 2023-07-13 02:17:30 AM | analyzer.0xf70d589d76eebdd7c12cc5eec99f8f6fa4233b9e | Return summary generated for slitherConstructorVariables
[INFO] | 2023-07-13 02:17:30 AM | analyzer.0xf70d589d76eebdd7c12cc5eec99f8f6fa4233b9e | Range graph generated
[INFO] | 2023-07-13 02:17:30 AM | analyzer.0xf70d589d76eebdd7c12cc5eec99f8f6fa4233b9e | Processed function slitherConstructorVariables
[INFO] | 2023-07-13 02:17:30 AM | analyzer.0xf70d589d76eebdd7c12cc5eec99f8f6fa4233b9e | Value Range Analysis took 0.001104 seconds
[INFO] | 2023-07-13 02:17:30 AM | analyzer.0xf70d589d76eebdd7c12cc5eec99f8f6fa4233b9e | Value Range Analysis finished
[INFO] | 2023-07-13 02:17:30 AM | analyzer.0xf70d589d76eebdd7c12cc5eec99f8f6fa4233b9e | Storage dependency graph compostion started!
[INFO] | 2023-07-13 02:17:30 AM | analyzer.0xf70d589d76eebdd7c12cc5eec99f8f6fa4233b9e | Storage dependency graph compostion finished!
[INFO] | 2023-07-13 02:17:30 AM | analyzer.0xf70d589d76eebdd7c12cc5eec99f8f6fa4233b9e | Dependency detection started!
[INFO] | 2023-07-13 02:17:30 AM | analyzer.0xf70d589d76eebdd7c12cc5eec99f8f6fa4233b9e | Dependency detection finished!
[INFO] | 2023-07-13 02:17:30 AM | analyzer.0xf70d589d76eebdd7c12cc5eec99f8f6fa4233b9e | Static Analysis took 0.277484 seconds
[INFO] | 2023-07-13 02:17:30 AM | analyzer.0xf70d589d76eebdd7c12cc5eec99f8f6fa4233b9e | Dependency does not exist
[INFO] | 2023-07-13 02:17:30 AM | analyzer.0xf70d589d76eebdd7c12cc5eec99f8f6fa4233b9e | Symbolic execution is not needed!
[INFO] | 2023-07-13 02:17:30 AM | analyzer.0xf70d589d76eebdd7c12cc5eec99f8f6fa4233b9e | Analysis finished!
[INFO] | 2023-07-13 02:17:30 AM | analyzer.0xf70d589d76eebdd7c12cc5eec99f8f6fa4233b9e | Analysis took 0.277633 seconds
[INFO] | 2023-07-13 02:17:30 AM | analyzer.0xf70d589d76eebdd7c12cc5eec99f8f6fa4233b9e | Analysis finished at: 2023-07-13 02:17:30 AM
