[INFO] | 2023-07-13 02:17:23 AM | analyzer.0xe82f0742a71a02b9e9ffc142fdcb6eb1ed06fb87 | Analysis started at: 2023-07-13 02:17:23 AM
[INFO] | 2023-07-13 02:17:23 AM | analyzer.0xe82f0742a71a02b9e9ffc142fdcb6eb1ed06fb87 | Version constraints: ['^0.4.19']
[INFO] | 2023-07-13 02:17:23 AM | analyzer.0xe82f0742a71a02b9e9ffc142fdcb6eb1ed06fb87 | solc version: v0.4.19
[INFO] | 2023-07-13 02:17:23 AM | analyzer.0xe82f0742a71a02b9e9ffc142fdcb6eb1ed06fb87 | Callgraph generation started!
[INFO] | 2023-07-13 02:17:23 AM | analyzer.0xe82f0742a71a02b9e9ffc142fdcb6eb1ed06fb87 | Callgraph generation finished!
[INFO] | 2023-07-13 02:17:23 AM | analyzer.0xe82f0742a71a02b9e9ffc142fdcb6eb1ed06fb87 | Interprocedural CFG generation started!
[INFO] | 2023-07-13 02:17:23 AM | analyzer.0xe82f0742a71a02b9e9ffc142fdcb6eb1ed06fb87 | Interprocedural CFG generation finished!
[INFO] | 2023-07-13 02:17:23 AM | analyzer.0xe82f0742a71a02b9e9ffc142fdcb6eb1ed06fb87 | Storage dependency graph generation started!
[INFO] | 2023-07-13 02:17:23 AM | analyzer.0xe82f0742a71a02b9e9ffc142fdcb6eb1ed06fb87 | Storage dependency graph generation finished!
[INFO] | 2023-07-13 02:17:23 AM | analyzer.0xe82f0742a71a02b9e9ffc142fdcb6eb1ed06fb87 | Value Range Analysis started
[INFO] | 2023-07-13 02:17:23 AM | analyzer.0xe82f0742a71a02b9e9ffc142fdcb6eb1ed06fb87 | Generating return summary for fallback
[INFO] | 2023-07-13 02:17:23 AM | analyzer.0xe82f0742a71a02b9e9ffc142fdcb6eb1ed06fb87 | Return summary generated for fallback
[INFO] | 2023-07-13 02:17:23 AM | analyzer.0xe82f0742a71a02b9e9ffc142fdcb6eb1ed06fb87 | State variable assignement do not exist
[INFO] | 2023-07-13 02:17:23 AM | analyzer.0xe82f0742a71a02b9e9ffc142fdcb6eb1ed06fb87 | Processed function fallback
[INFO] | 2023-07-13 02:17:23 AM | analyzer.0xe82f0742a71a02b9e9ffc142fdcb6eb1ed06fb87 | Generating return summary for GetFreebie
[INFO] | 2023-07-13 02:17:23 AM | analyzer.0xe82f0742a71a02b9e9ffc142fdcb6eb1ed06fb87 | Return summary generated for GetFreebie
[INFO] | 2023-07-13 02:17:23 AM | analyzer.0xe82f0742a71a02b9e9ffc142fdcb6eb1ed06fb87 | State variable assignement do not exist
[INFO] | 2023-07-13 02:17:23 AM | analyzer.0xe82f0742a71a02b9e9ffc142fdcb6eb1ed06fb87 | Processed function GetFreebie
[INFO] | 2023-07-13 02:17:23 AM | analyzer.0xe82f0742a71a02b9e9ffc142fdcb6eb1ed06fb87 | Generating return summary for withdraw
[INFO] | 2023-07-13 02:17:23 AM | analyzer.0xe82f0742a71a02b9e9ffc142fdcb6eb1ed06fb87 | Return summary generated for withdraw
[INFO] | 2023-07-13 02:17:23 AM | analyzer.0xe82f0742a71a02b9e9ffc142fdcb6eb1ed06fb87 | Range graph generated
[INFO] | 2023-07-13 02:17:23 AM | analyzer.0xe82f0742a71a02b9e9ffc142fdcb6eb1ed06fb87 | Processed function withdraw
[INFO] | 2023-07-13 02:17:23 AM | analyzer.0xe82f0742a71a02b9e9ffc142fdcb6eb1ed06fb87 | Generating return summary for Command
[INFO] | 2023-07-13 02:17:23 AM | analyzer.0xe82f0742a71a02b9e9ffc142fdcb6eb1ed06fb87 | Return summary generated for Command
[INFO] | 2023-07-13 02:17:23 AM | analyzer.0xe82f0742a71a02b9e9ffc142fdcb6eb1ed06fb87 | State variable assignement do not exist
[INFO] | 2023-07-13 02:17:23 AM | analyzer.0xe82f0742a71a02b9e9ffc142fdcb6eb1ed06fb87 | Processed function Command
[INFO] | 2023-07-13 02:17:23 AM | analyzer.0xe82f0742a71a02b9e9ffc142fdcb6eb1ed06fb87 | Generating return summary for slitherConstructorVariables
[INFO] | 2023-07-13 02:17:23 AM | analyzer.0xe82f0742a71a02b9e9ffc142fdcb6eb1ed06fb87 | Return summary generated for slitherConstructorVariables
[INFO] | 2023-07-13 02:17:23 AM | analyzer.0xe82f0742a71a02b9e9ffc142fdcb6eb1ed06fb87 | Range graph generated
[INFO] | 2023-07-13 02:17:23 AM | analyzer.0xe82f0742a71a02b9e9ffc142fdcb6eb1ed06fb87 | Processed function slitherConstructorVariables
[INFO] | 2023-07-13 02:17:23 AM | analyzer.0xe82f0742a71a02b9e9ffc142fdcb6eb1ed06fb87 | Value Range Analysis took 0.000914 seconds
[INFO] | 2023-07-13 02:17:23 AM | analyzer.0xe82f0742a71a02b9e9ffc142fdcb6eb1ed06fb87 | Value Range Analysis finished
[INFO] | 2023-07-13 02:17:23 AM | analyzer.0xe82f0742a71a02b9e9ffc142fdcb6eb1ed06fb87 | Storage dependency graph compostion started!
[INFO] | 2023-07-13 02:17:23 AM | analyzer.0xe82f0742a71a02b9e9ffc142fdcb6eb1ed06fb87 | Storage dependency graph compostion finished!
[INFO] | 2023-07-13 02:17:23 AM | analyzer.0xe82f0742a71a02b9e9ffc142fdcb6eb1ed06fb87 | Dependency detection started!
[INFO] | 2023-07-13 02:17:23 AM | analyzer.0xe82f0742a71a02b9e9ffc142fdcb6eb1ed06fb87 | Dependency detection finished!
[INFO] | 2023-07-13 02:17:23 AM | analyzer.0xe82f0742a71a02b9e9ffc142fdcb6eb1ed06fb87 | Static Analysis took 0.254475 seconds
[INFO] | 2023-07-13 02:17:23 AM | analyzer.0xe82f0742a71a02b9e9ffc142fdcb6eb1ed06fb87 | Dependency does not exist
[INFO] | 2023-07-13 02:17:23 AM | analyzer.0xe82f0742a71a02b9e9ffc142fdcb6eb1ed06fb87 | Symbolic execution is not needed!
[INFO] | 2023-07-13 02:17:23 AM | analyzer.0xe82f0742a71a02b9e9ffc142fdcb6eb1ed06fb87 | Analysis finished!
[INFO] | 2023-07-13 02:17:23 AM | analyzer.0xe82f0742a71a02b9e9ffc142fdcb6eb1ed06fb87 | Analysis took 0.254619 seconds
[INFO] | 2023-07-13 02:17:23 AM | analyzer.0xe82f0742a71a02b9e9ffc142fdcb6eb1ed06fb87 | Analysis finished at: 2023-07-13 02:17:23 AM
