[INFO] | 2023-07-13 02:17:44 AM | analyzer.etheraffle | Analysis started at: 2023-07-13 02:17:44 AM
[INFO] | 2023-07-13 02:17:45 AM | analyzer.etheraffle | Version constraints: ['^0.4.16']
[INFO] | 2023-07-13 02:17:45 AM | analyzer.etheraffle | solc version: v0.4.16
[INFO] | 2023-07-13 02:17:45 AM | analyzer.etheraffle | Callgraph generation started!
[INFO] | 2023-07-13 02:17:45 AM | analyzer.etheraffle | Callgraph generation finished!
[INFO] | 2023-07-13 02:17:45 AM | analyzer.etheraffle | Interprocedural CFG generation started!
[INFO] | 2023-07-13 02:17:45 AM | analyzer.etheraffle | Interprocedural CFG generation finished!
[INFO] | 2023-07-13 02:17:45 AM | analyzer.etheraffle | Storage dependency graph generation started!
[INFO] | 2023-07-13 02:17:45 AM | analyzer.etheraffle | Storage dependency graph generation finished!
[INFO] | 2023-07-13 02:17:45 AM | analyzer.etheraffle | Value Range Analysis started
[INFO] | 2023-07-13 02:17:45 AM | analyzer.etheraffle | Generating return summary for slitherConstructorConstantVariables
[INFO] | 2023-07-13 02:17:45 AM | analyzer.etheraffle | Return summary generated for slitherConstructorConstantVariables
[INFO] | 2023-07-13 02:17:45 AM | analyzer.etheraffle | Range graph generated
[INFO] | 2023-07-13 02:17:45 AM | analyzer.etheraffle | Processed function slitherConstructorConstantVariables
[INFO] | 2023-07-13 02:17:45 AM | analyzer.etheraffle | Generating return summary for Ethraffle_v4b
[INFO] | 2023-07-13 02:17:45 AM | analyzer.etheraffle | Return summary generated for Ethraffle_v4b
[INFO] | 2023-07-13 02:17:45 AM | analyzer.etheraffle | Range graph generated
[INFO] | 2023-07-13 02:17:45 AM | analyzer.etheraffle | Processed function Ethraffle_v4b
[INFO] | 2023-07-13 02:17:45 AM | analyzer.etheraffle | Generating return summary for chooseWinner
[INFO] | 2023-07-13 02:17:45 AM | analyzer.etheraffle | Return summary generated for chooseWinner
[INFO] | 2023-07-13 02:17:45 AM | analyzer.etheraffle | Range graph generated
[INFO] | 2023-07-13 02:17:45 AM | analyzer.etheraffle | Processed function chooseWinner
[INFO] | 2023-07-13 02:17:45 AM | analyzer.etheraffle | Generating return summary for getRefund
[INFO] | 2023-07-13 02:17:45 AM | analyzer.etheraffle | Return summary generated for getRefund
[INFO] | 2023-07-13 02:17:45 AM | analyzer.etheraffle | Range graph generated
[INFO] | 2023-07-13 02:17:45 AM | analyzer.etheraffle | Processed function getRefund
[INFO] | 2023-07-13 02:17:45 AM | analyzer.etheraffle | Generating return summary for endRaffle
[INFO] | 2023-07-13 02:17:45 AM | analyzer.etheraffle | Return summary generated for endRaffle
[INFO] | 2023-07-13 02:17:45 AM | analyzer.etheraffle | Range graph generated
[INFO] | 2023-07-13 02:17:45 AM | analyzer.etheraffle | Processed function endRaffle
[INFO] | 2023-07-13 02:17:45 AM | analyzer.etheraffle | Generating return summary for togglePause
[INFO] | 2023-07-13 02:17:45 AM | analyzer.etheraffle | Return summary generated for togglePause
[INFO] | 2023-07-13 02:17:45 AM | analyzer.etheraffle | Range graph generated
[INFO] | 2023-07-13 02:17:45 AM | analyzer.etheraffle | Processed function togglePause
[INFO] | 2023-07-13 02:17:45 AM | analyzer.etheraffle | Generating return summary for kill
[INFO] | 2023-07-13 02:17:45 AM | analyzer.etheraffle | Return summary generated for kill
[INFO] | 2023-07-13 02:17:45 AM | analyzer.etheraffle | State variable assignement do not exist
[INFO] | 2023-07-13 02:17:45 AM | analyzer.etheraffle | Processed function kill
[INFO] | 2023-07-13 02:17:45 AM | analyzer.etheraffle | Generating return summary for slitherConstructorVariables
[INFO] | 2023-07-13 02:17:45 AM | analyzer.etheraffle | Return summary generated for slitherConstructorVariables
[INFO] | 2023-07-13 02:17:45 AM | analyzer.etheraffle | Range graph generated
[INFO] | 2023-07-13 02:17:45 AM | analyzer.etheraffle | Processed function slitherConstructorVariables
[INFO] | 2023-07-13 02:17:45 AM | analyzer.etheraffle | Generating return summary for buyTickets
[INFO] | 2023-07-13 02:17:45 AM | analyzer.etheraffle | Return summary generated for buyTickets
[INFO] | 2023-07-13 02:17:45 AM | analyzer.etheraffle | Range graph generated
[INFO] | 2023-07-13 02:17:45 AM | analyzer.etheraffle | Processed function buyTickets
[INFO] | 2023-07-13 02:17:45 AM | analyzer.etheraffle | Generating return summary for fallback
[INFO] | 2023-07-13 02:17:45 AM | analyzer.etheraffle | Return summary generated for fallback
[INFO] | 2023-07-13 02:17:45 AM | analyzer.etheraffle | Range graph generated
[INFO] | 2023-07-13 02:17:45 AM | analyzer.etheraffle | Processed function fallback
[INFO] | 2023-07-13 02:17:45 AM | analyzer.etheraffle | Value Range Analysis took 0.005419 seconds
[INFO] | 2023-07-13 02:17:45 AM | analyzer.etheraffle | Value Range Analysis finished
[INFO] | 2023-07-13 02:17:45 AM | analyzer.etheraffle | Storage dependency graph compostion started!
[INFO] | 2023-07-13 02:17:45 AM | analyzer.etheraffle | Storage dependency graph compostion finished!
[INFO] | 2023-07-13 02:17:45 AM | analyzer.etheraffle | Dependency detection started!
[INFO] | 2023-07-13 02:17:45 AM | analyzer.etheraffle | Dependency detection finished!
[INFO] | 2023-07-13 02:17:45 AM | analyzer.etheraffle | Static Analysis took 0.811955 seconds
[INFO] | 2023-07-13 02:17:45 AM | analyzer.etheraffle | Dependency does not exist
[INFO] | 2023-07-13 02:17:45 AM | analyzer.etheraffle | Symbolic execution is not needed!
[INFO] | 2023-07-13 02:17:45 AM | analyzer.etheraffle | Analysis finished!
[INFO] | 2023-07-13 02:17:45 AM | analyzer.etheraffle | Analysis took 0.812103 seconds
[INFO] | 2023-07-13 02:17:45 AM | analyzer.etheraffle | Analysis finished at: 2023-07-13 02:17:45 AM
